Change Component DesignItemId : Designator=C1 Old DesignItemId= New DesignItemId=Cap
Change Component DesignItemId : Designator=C2 Old DesignItemId= New DesignItemId=Cap
Change Component DesignItemId : Designator=D1 Old DesignItemId= New DesignItemId=D Zener
Change Component DesignItemId : Designator=D2 Old DesignItemId= New DesignItemId=D Zener
Change Component DesignItemId : Designator=D3 Old DesignItemId= New DesignItemId=D Zener
Change Component DesignItemId : Designator=D4 Old DesignItemId= New DesignItemId=D Zener
Change Component DesignItemId : Designator=D5 Old DesignItemId= New DesignItemId=D Zener
Change Component DesignItemId : Designator=D6 Old DesignItemId= New DesignItemId=D Zener
Change Component DesignItemId : Designator=F1 Old DesignItemId= New DesignItemId=Fuse 1
Change Component DesignItemId : Designator=F2 Old DesignItemId= New DesignItemId=Fuse 1
Change Component DesignItemId : Designator=R1 Old DesignItemId= New DesignItemId=Res2
Change Component DesignItemId : Designator=R2 Old DesignItemId= New DesignItemId=Res2
Change Component DesignItemId : Designator=R3 Old DesignItemId= New DesignItemId=Res2
Change Component DesignItemId : Designator=R4 Old DesignItemId= New DesignItemId=Res2
Change Component DesignItemId : Designator=R5 Old DesignItemId= New DesignItemId=Res2
Change Component DesignItemId : Designator=R6 Old DesignItemId= New DesignItemId=Res2
Change Component DesignItemId : Designator=T1 Old DesignItemId= New DesignItemId=Trans CT
Change Component DesignItemId : Designator=T2 Old DesignItemId= New DesignItemId=Trans CT
Change Component Footprint: Designator=R3 Old Footprint=AXIAL-0.5 New Footprint=AXIAL-0.4
Change Component Footprint: Designator=R4 Old Footprint=AXIAL-0.5 New Footprint=AXIAL-0.4
Change Component Footprint: Designator=R5 Old Footprint=AXIAL-0.5 New Footprint=AXIAL-0.4
Change Component Footprint: Designator=R6 Old Footprint=AXIAL-0.5 New Footprint=AXIAL-0.4
Change Component Footprint: Designator=C1 Old Footprint=CAP_K New Footprint=RAD-0.3
Change Component Footprint: Designator=C2 Old Footprint=CAP_K New Footprint=RAD-0.3
Change Component Footprint: Designator=D1 Old Footprint=DO-41 New Footprint=DIODE-0.7
Change Component Footprint: Designator=D2 Old Footprint=DO-41 New Footprint=DIODE-0.7
Change Component Footprint: Designator=D3 Old Footprint=DO-41 New Footprint=DIODE-0.7
Change Component Footprint: Designator=D4 Old Footprint=DO-41 New Footprint=DIODE-0.7
Change Component Footprint: Designator=D5 Old Footprint=DO-41 New Footprint=DIODE-0.7
Change Component Footprint: Designator=D6 Old Footprint=DO-41 New Footprint=DIODE-0.7
Change Component Footprint: Designator=F1 Old Footprint=FUSE New Footprint=PIN-W2/E2.8
Change Component Footprint: Designator=F2 Old Footprint=FUSE New Footprint=PIN-W2/E2.8
Change Component Footprint: Designator=T1 Old Footprint=P_TRANS New Footprint=TRF_5
Change Component Footprint: Designator=T2 Old Footprint=P_TRANS New Footprint=TRF_5
Change Component Footprint: Designator=R1 Old Footprint=RES_K New Footprint=AXIAL-0.4
Change Component Footprint: Designator=R2 Old Footprint=RES_K New Footprint=AXIAL-0.4
Change Component Comment : Designator=C1 Old Comment=0.15u New Comment=Cap
Change Component Comment : Designator=C2 Old Comment=0.15u New Comment=Cap
Change Component Comment : Designator=D1 Old Comment=1N4007 New Comment=D Zener
Change Component Comment : Designator=D2 Old Comment=1N4007 New Comment=D Zener
Change Component Comment : Designator=D3 Old Comment=1N4007 New Comment=D Zener
Change Component Comment : Designator=D4 Old Comment=1N4007 New Comment=D Zener
Change Component Comment : Designator=D5 Old Comment=1N4007 New Comment=D Zener
Change Component Comment : Designator=D6 Old Comment=1N4007 New Comment=D Zener
Change Component Comment : Designator=R4 Old Comment=10 New Comment=Res2
Change Component Comment : Designator=R6 Old Comment=10 New Comment=Res2
Change Component Comment : Designator=R3 Old Comment=20 New Comment=Res2
Change Component Comment : Designator=R5 Old Comment=20 New Comment=Res2
Change Component Comment : Designator=R1 Old Comment=47 New Comment=Res2
Change Component Comment : Designator=R2 Old Comment=47 New Comment=Res2
Change Component Comment : Designator=F1 Old Comment=380V/15A New Comment=Fuse 1
Change Component Comment : Designator=F2 Old Comment=380V/15A New Comment=Fuse 1
Change Component Comment : Designator=T1 Old Comment=P_trans New Comment=Trans CT
Change Component Comment : Designator=T2 Old Comment=P_trans New Comment=Trans CT
Added Component: Designator=D7(DIODE-0.7)
Added Component: Designator=P1(HDR2X5)
Added Component: Designator=Q1(TO-220-AB)
Added Component: Designator=Q2(TO-220-AB)
Added Pin To Net: NetName=CP1 Pin=D6-1
Added Pin To Net: NetName=CP1 Pin=P1-9
Added Pin To Net: NetName=CP1 Pin=P1-10
Added Pin To Net: NetName=CP1 Pin=T2-2
Added Net: Name=CP1
Added Pin To Net: NetName=CP2 Pin=D5-1
Added Pin To Net: NetName=CP2 Pin=P1-5
Added Pin To Net: NetName=CP2 Pin=P1-6
Added Pin To Net: NetName=CP2 Pin=T1-2
Added Net: Name=CP2
Added Pin To Net: NetName=NetC1_1 Pin=C1-1
Added Pin To Net: NetName=NetC1_1 Pin=R1-2
Added Net: Name=NetC1_1
Added Pin To Net: NetName=NetC1_2 Pin=C1-2
Added Pin To Net: NetName=NetC1_2 Pin=F1-1
Added Pin To Net: NetName=NetC1_2 Pin=Q1-3
Added Net: Name=NetC1_2
Added Pin To Net: NetName=NetC2_1 Pin=C2-1
Added Pin To Net: NetName=NetC2_1 Pin=R2-2
Added Net: Name=NetC2_1
Added Pin To Net: NetName=NetC2_2 Pin=C2-2
Added Pin To Net: NetName=NetC2_2 Pin=F2-1
Added Pin To Net: NetName=NetC2_2 Pin=Q2-3
Added Net: Name=NetC2_2
Added Pin To Net: NetName=NetD1_1 Pin=D1-1
Added Pin To Net: NetName=NetD1_1 Pin=T1-3
Added Net: Name=NetD1_1
Added Pin To Net: NetName=NetD1_2 Pin=D1-2
Added Pin To Net: NetName=NetD1_2 Pin=D2-2
Added Pin To Net: NetName=NetD1_2 Pin=R3-2
Added Net: Name=NetD1_2
Added Pin To Net: NetName=NetD2_1 Pin=D2-1
Added Pin To Net: NetName=NetD2_1 Pin=F1-2
Added Pin To Net: NetName=NetD2_1 Pin=T1-5
Added Net: Name=NetD2_1
Added Pin To Net: NetName=NetD3_1 Pin=D3-1
Added Pin To Net: NetName=NetD3_1 Pin=T2-3
Added Net: Name=NetD3_1
Added Pin To Net: NetName=NetD3_2 Pin=D3-2
Added Pin To Net: NetName=NetD3_2 Pin=D4-2
Added Pin To Net: NetName=NetD3_2 Pin=R4-1
Added Net: Name=NetD3_2
Added Pin To Net: NetName=NetD4_1 Pin=D4-1
Added Pin To Net: NetName=NetD4_1 Pin=F2-2
Added Pin To Net: NetName=NetD4_1 Pin=Q1-1
Added Pin To Net: NetName=NetD4_1 Pin=R1-1
Added Pin To Net: NetName=NetD4_1 Pin=T2-5
Added Net: Name=NetD4_1
Added Pin To Net: NetName=NetD5_2 Pin=D5-2
Added Pin To Net: NetName=NetD5_2 Pin=R5-1
Added Net: Name=NetD5_2
Added Pin To Net: NetName=NetD6_2 Pin=D6-2
Added Pin To Net: NetName=NetD6_2 Pin=R6-1
Added Net: Name=NetD6_2
Added Pin To Net: NetName=NetQ1_2 Pin=Q1-2
Added Pin To Net: NetName=NetQ1_2 Pin=R3-1
Added Net: Name=NetQ1_2
Added Pin To Net: NetName=NetQ2_1 Pin=Q2-1
Added Pin To Net: NetName=NetQ2_1 Pin=R2-1
Added Net: Name=NetQ2_1
Added Pin To Net: NetName=NetQ2_2 Pin=Q2-2
Added Pin To Net: NetName=NetQ2_2 Pin=R4-2
Added Net: Name=NetQ2_2
Added Pin To Net: NetName=V-SS Pin=D7-2
Added Pin To Net: NetName=V-SS Pin=R5-2
Added Pin To Net: NetName=V-SS Pin=R6-2
Added Pin To Net: NetName=V-SS Pin=T1-1
Added Pin To Net: NetName=V-SS Pin=T2-1
Added Net: Name=V-SS
Added Pin To Net: NetName=VSS Pin=D7-1
Added Pin To Net: NetName=VSS Pin=P1-1
Added Pin To Net: NetName=VSS Pin=P1-2
Added Net: Name=VSS
Added Class: Name=集成晶闸管
Added Room: Name=集成晶闸管
